
> seo-platform@0.1.0 typecheck
> tsc --noEmit

components/ab-testing/ab-testing-dashboard.tsx(101,68): error TS2769: No overload matches this call.
  Overload 1 of 3, '(callbackfn: (previousValue: { [x: string]: ABTestInsights; } | { [x: string]: null; }, currentValue: { [x: string]: ABTestInsights; } | { [x: string]: null; }, currentIndex: number, array: ({ ...; } | { ...; })[]) => { ...; } | { ...; }, initialValue: { ...; } | { ...; }): { ...; } | { ...; }', gave the following error.
    Type '{ [x: string]: ABTestInsights; } | { [x: string]: ABTestInsights | null; } | { [x: string]: ABTestInsights | null; } | { [x: string]: null; }' is not assignable to type '{ [x: string]: ABTestInsights; } | { [x: string]: null; }'.
      Type '{ [x: string]: ABTestInsights | null; }' is not assignable to type '{ [x: string]: ABTestInsights; } | { [x: string]: null; }'.
        Type '{ [x: string]: ABTestInsights | null; }' is not assignable to type '{ [x: string]: null; }'.
          'string' index signatures are incompatible.
            Type 'ABTestInsights | null' is not assignable to type 'null'.
              Type 'ABTestInsights' is not assignable to type 'null'.
  Overload 2 of 3, '(callbackfn: (previousValue: { [x: string]: ABTestInsights; } | { [x: string]: null; }, currentValue: { [x: string]: ABTestInsights; } | { [x: string]: null; }, currentIndex: number, array: ({ ...; } | { ...; })[]) => { ...; } | { ...; }, initialValue: { ...; } | { ...; }): { ...; } | { ...; }', gave the following error.
    Type '{ [x: string]: ABTestInsights; } | { [x: string]: ABTestInsights | null; } | { [x: string]: ABTestInsights | null; } | { [x: string]: null; }' is not assignable to type '{ [x: string]: ABTestInsights; } | { [x: string]: null; }'.
      Type '{ [x: string]: ABTestInsights | null; }' is not assignable to type '{ [x: string]: ABTestInsights; } | { [x: string]: null; }'.
        Type '{ [x: string]: ABTestInsights | null; }' is not assignable to type '{ [x: string]: null; }'.
          'string' index signatures are incompatible.
            Type 'ABTestInsights | null' is not assignable to type 'null'.
              Type 'ABTestInsights' is not assignable to type 'null'.
components/ab-testing/ab-testing-dashboard.tsx(102,23): error TS2345: Argument of type '{ [x: string]: ABTestInsights; } | { [x: string]: null; }' is not assignable to parameter of type 'SetStateAction<Record<string, ABTestInsights>>'.
  Type '{ [x: string]: null; }' is not assignable to type 'SetStateAction<Record<string, ABTestInsights>>'.
components/ab-testing/ab-testing-dashboard.tsx(506,93): error TS2339: Property 'click' does not exist on type 'Element'.
components/chat/ai-chat-interface.tsx(34,5): error TS2322: Type '{ role: "assistant"; content: string; }[] | undefined' is not assignable to type 'Message[] | undefined'.
  Type '{ role: "assistant"; content: string; }[]' is not assignable to type 'Message[]'.
    Property 'id' is missing in type '{ role: "assistant"; content: string; }' but required in type 'Message'.
components/chat/message-types/index.tsx(24,15): error TS2741: Property 'options' is missing in type '{ onSubmit: (data: any) => void; }' but required in type 'CardSelectorProps'.
components/chat/message-types/index.tsx(30,15): error TS2741: Property 'options' is missing in type '{ onSubmit: (data: any) => void; }' but required in type 'ConfirmationButtonsProps'.
components/chat/message-types/index.tsx(36,15): error TS2739: Type '{}' is missing the following properties from type 'AnalysisResultProps': title, data
components/competitor/competitor-alerts-dashboard.tsx(254,22): error TS2552: Cannot find name 'events'. Did you mean 'event'?
components/competitor/competitor-alerts-dashboard.tsx(254,33): error TS7006: Parameter 'event' implicitly has an 'any' type.
components/i18n/language-switcher.tsx(4,63): error TS2307: Cannot find module '@/lib/i18n' or its corresponding type declarations.
components/i18n/language-switcher.tsx(45,13): error TS2322: Type 'unknown' is not assignable to type 'ReactNode'.
components/i18n/language-switcher.tsx(119,52): error TS2322: Type 'unknown' is not assignable to type 'ReactNode'.
components/i18n/language-switcher.tsx(157,26): error TS2552: Cannot find name 'handleLanguageChange'. Did you mean 'onlanguagechange'?
components/i18n/language-switcher.tsx(167,63): error TS2322: Type 'unknown' is not assignable to type 'ReactNode'.
components/schema/schema-markup-generator.tsx(682,39): error TS2367: This comparison appears to be unintentional because the types 'SchemaType' and '"all"' have no overlap.
components/ui/feature-card.tsx(25,6): error TS2322: Type '{ children: (false | "" | 0 | 0n | Element | null | undefined)[]; defaultChecked?: boolean | undefined; defaultValue?: string | number | readonly string[] | undefined; suppressContentEditableWarning?: boolean | undefined; ... 276 more ...; className: string; }' is not assignable to type 'Omit<HTMLMotionProps<"div">, "ref">'.
  Types of property 'onDrag' are incompatible.
    Type 'DragEventHandler<HTMLDivElement> | undefined' is not assignable to type '((event: MouseEvent | TouchEvent | PointerEvent, info: PanInfo) => void) | undefined'.
      Type 'DragEventHandler<HTMLDivElement>' is not assignable to type '(event: MouseEvent | TouchEvent | PointerEvent, info: PanInfo) => void'.
        Types of parameters 'event' and 'event' are incompatible.
          Type 'MouseEvent | TouchEvent | PointerEvent' is not assignable to type 'DragEvent<HTMLDivElement>'.
            Type 'MouseEvent' is missing the following properties from type 'DragEvent<HTMLDivElement>': dataTransfer, nativeEvent, isDefaultPrevented, isPropagationStopped, persist
components/ui/image-generator.tsx(79,31): error TS2554: Expected 3 arguments, but got 1.
hooks/use-toast.ts(5,18): error TS2395: Individual declarations in merged declaration 'Toast' must be all exported or all local.
hooks/use-toast.ts(13,18): error TS2310: Type 'ToasterToast' recursively references itself as a base type.
hooks/use-toast.ts(147,6): error TS2395: Individual declarations in merged declaration 'Toast' must be all exported or all local.
hooks/use-toast.ts(147,6): error TS2456: Type alias 'Toast' circularly references itself.
hooks/use-toast.ts(165,22): error TS7006: Parameter 'open' implicitly has an 'any' type.
lib/ab-testing/ab-testing-service.ts(175,7): error TS2769: No overload matches this call.
  The last overload gave the following error.
    Property 'defaultObjectGenerationMode' is missing in type 'LanguageModelV2' but required in type 'LanguageModelV1'.
lib/ab-testing/ab-testing-service.ts(367,21): error TS18046: 'percentage' is of type 'unknown'.
lib/ab-testing/ab-testing-service.ts(423,11): error TS18046: 'variantResult' is of type 'unknown'.
lib/ab-testing/ab-testing-service.ts(424,19): error TS18046: 'variantResult' is of type 'unknown'.
lib/ai/embedding.ts(51,15): error TS2339: Property 'message' does not exist on type 'RetryContext'.
lib/ai/embedding.ts(88,11): error TS2322: Type 'EmbeddingModelV2<string>' is not assignable to type 'EmbeddingModel<string>'.
  Types of property 'specificationVersion' are incompatible.
    Type '"v2"' is not assignable to type '"v1"'.
lib/ai/embedding.ts(131,17): error TS2322: Type 'EmbeddingModelV2<string>' is not assignable to type 'EmbeddingModel<string>'.
  Types of property 'specificationVersion' are incompatible.
    Type '"v2"' is not assignable to type '"v1"'.
lib/ai/image-generation.ts(100,7): error TS2769: No overload matches this call.
  The last overload gave the following error.
    Property 'defaultObjectGenerationMode' is missing in type 'LanguageModelV2' but required in type 'LanguageModelV1'.
lib/ai/image-generation.ts(160,13): error TS2339: Property 'text' does not exist on type 'GenerateObjectResult<unknown>'.
lib/ai/image-generation.ts(161,7): error TS2769: No overload matches this call.
  The last overload gave the following error.
    Property 'defaultObjectGenerationMode' is missing in type 'LanguageModelV2' but required in type 'LanguageModelV1'.
lib/ai/image-generation.ts(212,66): error TS2339: Property 'buffer' does not exist on type 'Response'.
lib/ai/image-generation.ts(278,13): error TS2339: Property 'text' does not exist on type 'GenerateObjectResult<unknown>'.
lib/ai/image-generation.ts(279,7): error TS2769: No overload matches this call.
  The last overload gave the following error.
    Property 'defaultObjectGenerationMode' is missing in type 'LanguageModelV2' but required in type 'LanguageModelV1'.
lib/ai/image-generation.ts(487,7): error TS2741: Property 'defaultObjectGenerationMode' is missing in type 'LanguageModelV2' but required in type 'LanguageModelV1'.
lib/ai/image-generation.ts(488,7): error TS2322: Type '{ role: string; content: ({ type: string; text: string; } | { type: string; image: string; mediaType: string; })[]; }[]' is not assignable to type 'string'.
lib/ai/image-generation.ts(508,17): error TS2339: Property 'files' does not exist on type 'GenerateTextResult<Record<string, CoreTool<any, any>>>'.
lib/ai/image-generation.ts(508,33): error TS2339: Property 'files' does not exist on type 'GenerateTextResult<Record<string, CoreTool<any, any>>>'.
lib/ai/image-generation.ts(512,25): error TS2339: Property 'files' does not exist on type 'GenerateTextResult<Record<string, CoreTool<any, any>>>'.
lib/ai/image-generation.ts(512,36): error TS7006: Parameter 'f' implicitly has an 'any' type.
lib/ai/image-generation.ts(559,9): error TS2322: Type 'string | undefined' is not assignable to type 'string'.
  Type 'undefined' is not assignable to type 'string'.
lib/ai/rag-service.ts(276,68): error TS2345: Argument of type '{ query_embedding: number[]; match_threshold: number; match_count: number; }' is not assignable to parameter of type 'undefined'.
lib/ai/rag-service.ts(297,23): error TS2339: Property 'length' does not exist on type 'never'.
lib/ai/rag-service.ts(327,78): error TS2339: Property 'id' does not exist on type 'never'.
lib/ai/rag-service.ts(329,9): error TS2698: Spread types may only be created from object types.
lib/ai/rag-service.ts(456,15): error TS2345: Argument of type '{ usage_count: any; }' is not assignable to parameter of type 'never'.
lib/ai/rag-service.ts(456,39): error TS2339: Property 'raw' does not exist on type 'SupabaseClient<unknown, { PostgrestVersion: string; }, never, never, { PostgrestVersion: string; }>'.
lib/ai/rag-service.ts(485,15): error TS2345: Argument of type '{ usage_count: any; }' is not assignable to parameter of type 'never'.
lib/ai/rag-service.ts(485,39): error TS2339: Property 'raw' does not exist on type 'SupabaseClient<unknown, { PostgrestVersion: string; }, never, never, { PostgrestVersion: string; }>'.
lib/collaboration/team-service.ts(124,59): error TS2345: Argument of type 'string[]' is not assignable to parameter of type 'string'.
lib/collaboration/team-service.ts(321,15): error TS18047: 'profile' is possibly 'null'.
lib/collaboration/team-service.ts(322,16): error TS18047: 'profile' is possibly 'null'.
lib/collaboration/team-service.ts(323,17): error TS18047: 'profile' is possibly 'null'.
lib/collaboration/team-service.ts(454,15): error TS18047: 'profile' is possibly 'null'.
lib/collaboration/team-service.ts(455,16): error TS18047: 'profile' is possibly 'null'.
lib/collaboration/team-service.ts(456,17): error TS18047: 'profile' is possibly 'null'.
lib/collaboration/team-service.ts(595,7): error TS2769: No overload matches this call.
  The last overload gave the following error.
    Property 'defaultObjectGenerationMode' is missing in type 'LanguageModelV2' but required in type 'LanguageModelV1'.
lib/competitor/competitor-alerts-service.ts(693,7): error TS2769: No overload matches this call.
  The last overload gave the following error.
    Property 'defaultObjectGenerationMode' is missing in type 'LanguageModelV2' but required in type 'LanguageModelV1'.
lib/dataforseo/client.ts(9,35): error TS2459: Module '"./types"' declares 'ApiError' locally, but it is not exported.
lib/dataforseo/client.ts(84,60): error TS2322: Type 'T' is not assignable to type '{ tasks: { id?: string | undefined; status?: string | undefined; result?: T | undefined; error?: ApiError | undefined; }[]; } | undefined'.
lib/dataforseo/index.ts(60,29): error TS2307: Cannot find module './modules/serp' or its corresponding type declarations.
lib/dataforseo/index.ts(65,36): error TS2307: Cannot find module './modules/competitors' or its corresponding type declarations.
lib/dataforseo/index.ts(70,31): error TS2307: Cannot find module './modules/domain' or its corresponding type declarations.
lib/dataforseo/index.ts(75,27): error TS2307: Cannot find module './modules/ai' or its corresponding type declarations.
lib/dataforseo/index.ts(80,31): error TS2307: Cannot find module './modules/onPage' or its corresponding type declarations.
lib/dataforseo/index.ts(85,32): error TS2307: Cannot find module './modules/content' or its corresponding type declarations.
lib/dataforseo/index.ts(373,11): error TS2304: Cannot find name 'dataForSEOClient'.
lib/dataforseo/index.ts(374,3): error TS18004: No value exists in scope for the shorthand property 'CONSTANTS'. Either declare one or provide an initializer.
lib/i18n/config.ts(1,10): error TS2305: Module '"next-international"' has no exported member 'Locale'.
lib/i18n/config.ts(1,18): error TS2305: Module '"next-international"' has no exported member 'i18n'.
lib/i18n/provider.tsx(35,28): error TS2349: This expression is not callable.
  Type 'Translations' has no call signatures.
lib/i18n/provider.tsx(40,36): error TS2349: This expression is not callable.
  Type 'Translations' has no call signatures.
lib/local-seo/local-seo-service.ts(421,7): error TS2769: No overload matches this call.
  The last overload gave the following error.
    Property 'defaultObjectGenerationMode' is missing in type 'LanguageModelV2' but required in type 'LanguageModelV1'.
lib/local-seo/local-seo-service.ts(586,7): error TS2769: No overload matches this call.
  The last overload gave the following error.
    Property 'defaultObjectGenerationMode' is missing in type 'LanguageModelV2' but required in type 'LanguageModelV1'.
lib/podcast/podcast-service.ts(304,7): error TS2769: No overload matches this call.
  The last overload gave the following error.
    Property 'defaultObjectGenerationMode' is missing in type 'LanguageModelV2' but required in type 'LanguageModelV1'.
lib/podcast/podcast-service.ts(360,7): error TS2769: No overload matches this call.
  The last overload gave the following error.
    Property 'defaultObjectGenerationMode' is missing in type 'LanguageModelV2' but required in type 'LanguageModelV1'.
lib/podcast/podcast-service.ts(466,7): error TS2769: No overload matches this call.
  The last overload gave the following error.
    Property 'defaultObjectGenerationMode' is missing in type 'LanguageModelV2' but required in type 'LanguageModelV1'.
lib/podcast/podcast-service.ts(610,13): error TS2339: Property 'text' does not exist on type 'GenerateObjectResult<unknown>'.
lib/podcast/podcast-service.ts(611,7): error TS2769: No overload matches this call.
  The last overload gave the following error.
    Property 'defaultObjectGenerationMode' is missing in type 'LanguageModelV2' but required in type 'LanguageModelV1'.
lib/podcast/podcast-service.ts(660,7): error TS2769: No overload matches this call.
  The last overload gave the following error.
    Property 'defaultObjectGenerationMode' is missing in type 'LanguageModelV2' but required in type 'LanguageModelV1'.
lib/redis/rate-limit.ts(259,14): error TS2304: Cannot find name 'config'.
lib/schema/schema-markup-service.ts(169,7): error TS2769: No overload matches this call.
  The last overload gave the following error.
    Property 'defaultObjectGenerationMode' is missing in type 'LanguageModelV2' but required in type 'LanguageModelV1'.
lib/schema/schema-markup-service.ts(434,7): error TS2769: No overload matches this call.
  The last overload gave the following error.
    Property 'defaultObjectGenerationMode' is missing in type 'LanguageModelV2' but required in type 'LanguageModelV1'.
lib/video/video-seo-service.ts(226,7): error TS2769: No overload matches this call.
  The last overload gave the following error.
    Property 'defaultObjectGenerationMode' is missing in type 'LanguageModelV2' but required in type 'LanguageModelV1'.
lib/video/video-seo-service.ts(375,7): error TS2769: No overload matches this call.
  The last overload gave the following error.
    Property 'defaultObjectGenerationMode' is missing in type 'LanguageModelV2' but required in type 'LanguageModelV1'.
lib/video/video-seo-service.ts(418,13): error TS2339: Property 'text' does not exist on type 'GenerateObjectResult<unknown>'.
lib/video/video-seo-service.ts(419,7): error TS2769: No overload matches this call.
  The last overload gave the following error.
    Property 'defaultObjectGenerationMode' is missing in type 'LanguageModelV2' but required in type 'LanguageModelV1'.
lib/video/video-seo-service.ts(459,7): error TS2769: No overload matches this call.
  The last overload gave the following error.
    Property 'defaultObjectGenerationMode' is missing in type 'LanguageModelV2' but required in type 'LanguageModelV1'.
lib/white-label/white-label-service.ts(382,13): error TS2339: Property 'text' does not exist on type 'GenerateObjectResult<unknown>'.
lib/white-label/white-label-service.ts(383,7): error TS2769: No overload matches this call.
  The last overload gave the following error.
    Property 'defaultObjectGenerationMode' is missing in type 'LanguageModelV2' but required in type 'LanguageModelV1'.
scripts/seed-frameworks.ts(121,16): error TS2352: Conversion of type 'FrameworkStructure' to type 'Record<string, unknown>' may be a mistake because neither type sufficiently overlaps with the other. If this was intentional, convert the expression to 'unknown' first.
  Index signature for type 'string' is missing in type 'FrameworkStructure'.
scripts/seed-frameworks.ts(249,8): error TS2551: Property 'catch' does not exist on type 'PostgrestFilterBuilder<any, any, any, any, "exec_sql", null, "RPC">'. Did you mean 'match'?
